Using pre-set license
Built from '2020.3/staging' branch; Version is '2020.3.48f1 (b805b124c6b7) revision 12060081'; Using compiler version '192528614'; Build Type 'Release'
OS: 'Windows 11  (10.0.22631) 64bit Professional' Language: 'ko' Physical Memory: 16100 MB
BatchMode: 1, IsHumanControllingUs: 0, StartBugReporterOnCrash: 0, Is64bit: 1, IsPro: 0

COMMAND LINE ARGUMENTS:
C:\Program Files\Unity\Hub\Editor\2020.3.48f1\Editor\Unity.exe
-adb2
-batchMode
-noUpm
-name
AssetImportWorker0
-projectPath
C:/Users/User/UnityProject/Orida_Promotion_Project/PandoraCube_Orida/ORIDA
-logFile
Logs/AssetImportWorker0.log
-srvPort
8846
Successfully changed project path to: C:/Users/User/UnityProject/Orida_Promotion_Project/PandoraCube_Orida/ORIDA
C:/Users/User/UnityProject/Orida_Promotion_Project/PandoraCube_Orida/ORIDA
Using Asset Import Pipeline V2.
Player connection [20748] Host "[IP] 192.168.1.5 [Port] 73 [Flags] 2 [Guid] 1912427598 [EditorId] 1912427598 [Version] 1048832 [Id] WindowsEditor(7,DESKTOP-FMGILLG) [Debug] 1 [PackageName] WindowsEditor [ProjectName] Editor" joined multi-casting on [225.0.0.222:54997]...

Player connection [20748] Host "[IP] 192.168.1.5 [Port] 73 [Flags] 2 [Guid] 1912427598 [EditorId] 1912427598 [Version] 1048832 [Id] WindowsEditor(7,DESKTOP-FMGILLG) [Debug] 1 [PackageName] WindowsEditor [ProjectName] Editor" joined alternative multi-casting on [225.0.0.222:34997]...

Refreshing native plugins compatible for Editor in 28.03 ms, found 3 plugins.
Preloading 0 native plugins for Editor in 0.00 ms.
Initialize engine version: 2020.3.48f1 (b805b124c6b7)
[Subsystems] Discovering subsystems at path C:/Program Files/Unity/Hub/Editor/2020.3.48f1/Editor/Data/Resources/UnitySubsystems
[Subsystems] Discovering subsystems at path C:/Users/User/UnityProject/Orida_Promotion_Project/PandoraCube_Orida/ORIDA/Assets
GfxDevice: creating device client; threaded=0
Direct3D:
    Version:  Direct3D 11.0 [level 11.1]
    Renderer: NVIDIA GeForce MX570 A (ID=0x25aa)
    Vendor:   
    VRAM:     1957 MB
    Driver:   31.0.15.1659
Initialize mono
Mono path[0] = 'C:/Program Files/Unity/Hub/Editor/2020.3.48f1/Editor/Data/Managed'
Mono path[1] = 'C:/Program Files/Unity/Hub/Editor/2020.3.48f1/Editor/Data/MonoBleedingEdge/lib/mono/unityjit'
Mono config path = 'C:/Program Files/Unity/Hub/Editor/2020.3.48f1/Editor/Data/MonoBleedingEdge/etc'
Using monoOptions --debugger-agent=transport=dt_socket,embedding=1,server=y,suspend=n,address=127.0.0.1:56064
Begin MonoManager ReloadAssembly
Registering precompiled unity dll's ...
Register platform support module: C:/Program Files/Unity/Hub/Editor/2020.3.48f1/Editor/Data/PlaybackEngines/WindowsStandaloneSupport/UnityEditor.WindowsStandalone.Extensions.dll
Registered in 0.003254 seconds.
Native extension for WindowsStandalone target not found
Refreshing native plugins compatible for Editor in 26.77 ms, found 3 plugins.
Preloading 0 native plugins for Editor in 0.00 ms.
Mono: successfully reloaded assembly
- Completed reload, in  0.558 seconds
Domain Reload Profiling:
	ReloadAssembly (558ms)
		BeginReloadAssembly (104ms)
			ExecutionOrderSort (0ms)
			DisableScriptedObjects (0ms)
			BackupInstance (0ms)
			ReleaseScriptingObjects (0ms)
			CreateAndSetChildDomain (1ms)
		EndReloadAssembly (383ms)
			LoadAssemblies (100ms)
			RebuildTransferFunctionScriptingTraits (0ms)
			SetupTypeCache (125ms)
			ReleaseScriptCaches (0ms)
			RebuildScriptCaches (23ms)
			SetupLoadedEditorAssemblies (140ms)
				LogAssemblyErrors (0ms)
				InitializePlatformSupportModulesInManaged (4ms)
				SetLoadedEditorAssemblies (0ms)
				RefreshPlugins (27ms)
				BeforeProcessingInitializeOnLoad (17ms)
				ProcessInitializeOnLoadAttributes (69ms)
				ProcessInitializeOnLoadMethodAttributes (23ms)
				AfterProcessingInitializeOnLoad (0ms)
				EditorAssembliesLoaded (0ms)
			ExecutionOrderSort2 (0ms)
			AwakeInstancesAfterBackupRestoration (0ms)
Platform modules already initialized, skipping
Registering precompiled user dll's ...
Registered in 0.004081 seconds.
Begin MonoManager ReloadAssembly
Native extension for WindowsStandalone target not found
Refreshing native plugins compatible for Editor in 28.53 ms, found 3 plugins.
Preloading 0 native plugins for Editor in 0.00 ms.
Mono: successfully reloaded assembly
- Completed reload, in  0.844 seconds
Domain Reload Profiling:
	ReloadAssembly (845ms)
		BeginReloadAssembly (124ms)
			ExecutionOrderSort (0ms)
			DisableScriptedObjects (3ms)
			BackupInstance (0ms)
			ReleaseScriptingObjects (0ms)
			CreateAndSetChildDomain (15ms)
		EndReloadAssembly (669ms)
			LoadAssemblies (99ms)
			RebuildTransferFunctionScriptingTraits (0ms)
			SetupTypeCache (195ms)
			ReleaseScriptCaches (0ms)
			RebuildScriptCaches (33ms)
			SetupLoadedEditorAssemblies (278ms)
				LogAssemblyErrors (0ms)
				InitializePlatformSupportModulesInManaged (4ms)
				SetLoadedEditorAssemblies (0ms)
				RefreshPlugins (29ms)
				BeforeProcessingInitializeOnLoad (75ms)
				ProcessInitializeOnLoadAttributes (146ms)
				ProcessInitializeOnLoadMethodAttributes (12ms)
				AfterProcessingInitializeOnLoad (12ms)
				EditorAssembliesLoaded (0ms)
			ExecutionOrderSort2 (0ms)
			AwakeInstancesAfterBackupRestoration (2ms)
Platform modules already initialized, skipping
========================================================================
Worker process is ready to serve import requests
Launched and connected shader compiler UnityShaderCompiler.exe after 0.05 seconds
Refreshing native plugins compatible for Editor in 0.40 ms, found 3 plugins.
Preloading 0 native plugins for Editor in 0.00 ms.
Unloading 2022 Unused Serialized files (Serialized files now loaded: 0)
System memory in use before: 95.4 MB.
System memory in use after: 95.5 MB.

Unloading 27 unused Assets to reduce memory usage. Loaded Objects now: 2458.
Total: 2.650300 ms (FindLiveObjects: 0.158000 ms CreateObjectMapping: 0.035300 ms MarkObjects: 2.344800 ms  DeleteObjects: 0.111300 ms)

AssetImportParameters requested are different than current active one (requested -> active):
  custom:framework-win-MediaFoundation: 216162199b28c13a410421893ffa2e32 -> 
  custom:video-decoder-ogg-theora: a1e56fd34408186e4bbccfd4996cb3dc -> 
  custom:container-muxer-webm: aa71ff27fc2769a1b78a27578f13a17b -> 
  custom:container-demuxer-webm: 4f35f7cbe854078d1ac9338744f61a02 -> 
  custom:container-demuxer-ogg: 62fdf1f143b41e24485cea50d1cbac27 -> 
  custom:video-encoder-webm-vp8: eb34c28f22e8b96e1ab97ce403110664 -> 
  custom:video-codec-MediaFoundation-h265: 746d11721c4dcdbdad8f713fa42b33f4 -> 
  custom:video-decoder-webm-vp8: 9c59270c3fd7afecdb556c50c9e8de78 -> 
  custom:audio-decoder-ogg-vorbis: bf7c407c2cedff20999df2af8eb42d56 -> 
  custom:audio-encoder-webm-vorbis: bf7c407c2cedff20999df2af8eb42d56 -> 
========================================================================
Received Import Request.
  path: Assets/Sprites/mini1_bullet.png
  artifactKey: Guid(d272f7d843fffd0489c8574335a7fd66) Importer(815301076,1909f56bfc062723c751e8b465ee728b)
Start importing Assets/Sprites/mini1_bullet.png using Guid(d272f7d843fffd0489c8574335a7fd66) Importer(815301076,1909f56bfc062723c751e8b465ee728b)  -> (artifact id: 'b5c11d3f545ee83af31525a58f4b741d') in 0.119309 seconds 
========================================================================
Received Import Request.
  Time since last request: 0.000446 seconds.
  path: Assets/Sprites/mini1_enemy.png
  artifactKey: Guid(60423fbea40f52d4eb7894be41d93605) Importer(815301076,1909f56bfc062723c751e8b465ee728b)
Start importing Assets/Sprites/mini1_enemy.png using Guid(60423fbea40f52d4eb7894be41d93605) Importer(815301076,1909f56bfc062723c751e8b465ee728b)  -> (artifact id: '16fbb1a94eccd78bd112f6cc8ce706d5') in 0.035301 seconds 
========================================================================
Received Import Request.
  Time since last request: 112.480357 seconds.
  path: Assets/Sprites/mini1_enemy.png
  artifactKey: Guid(60423fbea40f52d4eb7894be41d93605) Importer(815301076,1909f56bfc062723c751e8b465ee728b)
Start importing Assets/Sprites/mini1_enemy.png using Guid(60423fbea40f52d4eb7894be41d93605) Importer(815301076,1909f56bfc062723c751e8b465ee728b)  -> (artifact id: '9b1e89903294a5d5e75600a957ac24c7') in 0.062484 seconds 
========================================================================
Received Import Request.
  Time since last request: 28.231825 seconds.
  path: Assets/Sprites/mini1_enemy.png
  artifactKey: Guid(60423fbea40f52d4eb7894be41d93605) Importer(815301076,1909f56bfc062723c751e8b465ee728b)
Start importing Assets/Sprites/mini1_enemy.png using Guid(60423fbea40f52d4eb7894be41d93605) Importer(815301076,1909f56bfc062723c751e8b465ee728b)  -> (artifact id: '2f7439f137f2b6f7bd0d1b1ee3f134aa') in 0.018598 seconds 
========================================================================
Received Import Request.
  Time since last request: 15.474617 seconds.
  path: Assets/Sprites/mini1_enemy.png
  artifactKey: Guid(60423fbea40f52d4eb7894be41d93605) Importer(815301076,1909f56bfc062723c751e8b465ee728b)
Start importing Assets/Sprites/mini1_enemy.png using Guid(60423fbea40f52d4eb7894be41d93605) Importer(815301076,1909f56bfc062723c751e8b465ee728b)  -> (artifact id: '4addb1970462d341d167efdf19590bf8') in 0.019401 seconds 
========================================================================
Received Import Request.
  Time since last request: 9.066154 seconds.
  path: Assets/Sprites/mini1_enemy.png
  artifactKey: Guid(60423fbea40f52d4eb7894be41d93605) Importer(815301076,1909f56bfc062723c751e8b465ee728b)
Start importing Assets/Sprites/mini1_enemy.png using Guid(60423fbea40f52d4eb7894be41d93605) Importer(815301076,1909f56bfc062723c751e8b465ee728b)  -> (artifact id: '5423ab5600845ce41d19c447ed83ccd5') in 0.012038 seconds 
========================================================================
Received Import Request.
  Time since last request: 57.225078 seconds.
  path: Assets/Sprites/mini1_bullet.png
  artifactKey: Guid(d272f7d843fffd0489c8574335a7fd66) Importer(815301076,1909f56bfc062723c751e8b465ee728b)
Start importing Assets/Sprites/mini1_bullet.png using Guid(d272f7d843fffd0489c8574335a7fd66) Importer(815301076,1909f56bfc062723c751e8b465ee728b)  -> (artifact id: 'a352739a2679bb710beace5c5ba0f86b') in 0.021796 seconds 
========================================================================
Received Import Request.
  Time since last request: 0.000535 seconds.
  path: Assets/Sprites/mini1_enemy.png
  artifactKey: Guid(60423fbea40f52d4eb7894be41d93605) Importer(815301076,1909f56bfc062723c751e8b465ee728b)
Start importing Assets/Sprites/mini1_enemy.png using Guid(60423fbea40f52d4eb7894be41d93605) Importer(815301076,1909f56bfc062723c751e8b465ee728b)  -> (artifact id: '920d8c03114607c959581f0ab563742e') in 0.021771 seconds 
========================================================================
Received Import Request.
  Time since last request: 8.447199 seconds.
  path: Assets/Sprites/mini1_bullet.png
  artifactKey: Guid(d272f7d843fffd0489c8574335a7fd66) Importer(815301076,1909f56bfc062723c751e8b465ee728b)
Start importing Assets/Sprites/mini1_bullet.png using Guid(d272f7d843fffd0489c8574335a7fd66) Importer(815301076,1909f56bfc062723c751e8b465ee728b)  -> (artifact id: 'bf819c7803d8b76eb4c498ce5d4dfb02') in 0.010304 seconds 
========================================================================
Received Import Request.
  Time since last request: 11.160394 seconds.
  path: Assets/Sprites/mini1_bullet.png
  artifactKey: Guid(d272f7d843fffd0489c8574335a7fd66) Importer(815301076,1909f56bfc062723c751e8b465ee728b)
Start importing Assets/Sprites/mini1_bullet.png using Guid(d272f7d843fffd0489c8574335a7fd66) Importer(815301076,1909f56bfc062723c751e8b465ee728b)  -> (artifact id: 'fe6ce77cbd69943dcecd0e3bb270a473') in 0.011147 seconds 
========================================================================
Received Import Request.
  Time since last request: 15.591104 seconds.
  path: Assets/Prefabs/Bullet.prefab
  artifactKey: Guid(ff256155cbd5b0044aa1c7f21b045ac7) Importer(815301076,1909f56bfc062723c751e8b465ee728b)
Start importing Assets/Prefabs/Bullet.prefab using Guid(ff256155cbd5b0044aa1c7f21b045ac7) Importer(815301076,1909f56bfc062723c751e8b465ee728b)  -> (artifact id: 'aa2cb00cf4db6dda10ade695101fd835') in 0.031794 seconds 
========================================================================
Received Import Request.
  Time since last request: 2.418907 seconds.
  path: Assets/Prefabs/Bullet.prefab
  artifactKey: Guid(ff256155cbd5b0044aa1c7f21b045ac7) Importer(815301076,1909f56bfc062723c751e8b465ee728b)
Start importing Assets/Prefabs/Bullet.prefab using Guid(ff256155cbd5b0044aa1c7f21b045ac7) Importer(815301076,1909f56bfc062723c751e8b465ee728b)  -> (artifact id: 'e281500dfb4da3908db3116690019fdb') in 0.015690 seconds 
========================================================================
Received Import Request.
  Time since last request: 564.892400 seconds.
  path: ProjectSettings/TagManager.asset
  artifactKey: Guid(00000000000000003000000000000000) Importer(815301076,1909f56bfc062723c751e8b465ee728b)
Start importing ProjectSettings/TagManager.asset using Guid(00000000000000003000000000000000) Importer(815301076,1909f56bfc062723c751e8b465ee728b)  -> (artifact id: '18e796f4f5561dbfd918b0e640167d0d') in 0.008343 seconds 
========================================================================
Received Prepare
Registering precompiled user dll's ...
Registered in 0.003936 seconds.
Begin MonoManager ReloadAssembly
Native extension for WindowsStandalone target not found
Refreshing native plugins compatible for Editor in 0.42 ms, found 3 plugins.
Preloading 0 native plugins for Editor in 0.00 ms.
Mono: successfully reloaded assembly
- Completed reload, in  0.905 seconds
Domain Reload Profiling:
	ReloadAssembly (906ms)
		BeginReloadAssembly (214ms)
			ExecutionOrderSort (0ms)
			DisableScriptedObjects (18ms)
			BackupInstance (0ms)
			ReleaseScriptingObjects (0ms)
			CreateAndSetChildDomain (87ms)
		EndReloadAssembly (635ms)
			LoadAssemblies (113ms)
			RebuildTransferFunctionScriptingTraits (0ms)
			SetupTypeCache (217ms)
			ReleaseScriptCaches (1ms)
			RebuildScriptCaches (30ms)
			SetupLoadedEditorAssemblies (241ms)
				LogAssemblyErrors (0ms)
				InitializePlatformSupportModulesInManaged (4ms)
				SetLoadedEditorAssemblies (1ms)
				RefreshPlugins (0ms)
				BeforeProcessingInitializeOnLoad (81ms)
				ProcessInitializeOnLoadAttributes (136ms)
				ProcessInitializeOnLoadMethodAttributes (8ms)
				AfterProcessingInitializeOnLoad (11ms)
				EditorAssembliesLoaded (0ms)
			ExecutionOrderSort2 (0ms)
			AwakeInstancesAfterBackupRestoration (2ms)
Platform modules already initialized, skipping
Refreshing native plugins compatible for Editor in 0.34 ms, found 3 plugins.
Preloading 0 native plugins for Editor in 0.00 ms.
Unloading 2013 Unused Serialized files (Serialized files now loaded: 0)
System memory in use before: 98.0 MB.
System memory in use after: 98.1 MB.

Unloading 17 unused Assets to reduce memory usage. Loaded Objects now: 2477.
Total: 2.571600 ms (FindLiveObjects: 0.124100 ms CreateObjectMapping: 0.033500 ms MarkObjects: 2.306100 ms  DeleteObjects: 0.106800 ms)

AssetImportParameters requested are different than current active one (requested -> active):
  custom:framework-win-MediaFoundation: 216162199b28c13a410421893ffa2e32 -> 
  custom:video-decoder-ogg-theora: a1e56fd34408186e4bbccfd4996cb3dc -> 
  custom:container-muxer-webm: aa71ff27fc2769a1b78a27578f13a17b -> 
  custom:container-demuxer-webm: 4f35f7cbe854078d1ac9338744f61a02 -> 
  custom:container-demuxer-ogg: 62fdf1f143b41e24485cea50d1cbac27 -> 
  custom:video-encoder-webm-vp8: eb34c28f22e8b96e1ab97ce403110664 -> 
  custom:video-codec-MediaFoundation-h265: 746d11721c4dcdbdad8f713fa42b33f4 -> 
  custom:video-decoder-webm-vp8: 9c59270c3fd7afecdb556c50c9e8de78 -> 
  custom:audio-decoder-ogg-vorbis: bf7c407c2cedff20999df2af8eb42d56 -> 
  custom:audio-encoder-webm-vorbis: bf7c407c2cedff20999df2af8eb42d56 -> 
========================================================================
Received Import Request.
  Time since last request: 3775.624749 seconds.
  path: Assets/Sprites/mini1_enemyAttack.png
  artifactKey: Guid(3ae322e0b2ad71844904f75f5ab288d9) Importer(815301076,1909f56bfc062723c751e8b465ee728b)
Start importing Assets/Sprites/mini1_enemyAttack.png using Guid(3ae322e0b2ad71844904f75f5ab288d9) Importer(815301076,1909f56bfc062723c751e8b465ee728b)  -> (artifact id: '57afb57a5e6224201028c9e939b6a71b') in 0.072103 seconds 
========================================================================
Received Import Request.
  Time since last request: 13.178213 seconds.
  path: Assets/Sprites/mini1_enemyAttack.png
  artifactKey: Guid(3ae322e0b2ad71844904f75f5ab288d9) Importer(815301076,1909f56bfc062723c751e8b465ee728b)
Start importing Assets/Sprites/mini1_enemyAttack.png using Guid(3ae322e0b2ad71844904f75f5ab288d9) Importer(815301076,1909f56bfc062723c751e8b465ee728b)  -> (artifact id: '104b62db9bd53798f46d7cb817f7f97a') in 0.012672 seconds 
========================================================================
Received Import Request.
  Time since last request: 100.675069 seconds.
  path: Assets/Prefabs/Bullet.prefab
  artifactKey: Guid(ff256155cbd5b0044aa1c7f21b045ac7) Importer(815301076,1909f56bfc062723c751e8b465ee728b)
Start importing Assets/Prefabs/Bullet.prefab using Guid(ff256155cbd5b0044aa1c7f21b045ac7) Importer(815301076,1909f56bfc062723c751e8b465ee728b)  -> (artifact id: '7b2ce19d382c2417791071bc6e839695') in 0.039501 seconds 
========================================================================
Received Import Request.
  Time since last request: 1446.732042 seconds.
  path: Assets/Prefabs/Bullet.prefab
  artifactKey: Guid(ff256155cbd5b0044aa1c7f21b045ac7) Importer(815301076,1909f56bfc062723c751e8b465ee728b)
Start importing Assets/Prefabs/Bullet.prefab using Guid(ff256155cbd5b0044aa1c7f21b045ac7) Importer(815301076,1909f56bfc062723c751e8b465ee728b)  -> (artifact id: '9b9b704f1c0589cb3fb1237713938bce') in 0.017273 seconds 
========================================================================
Received Prepare
Registering precompiled user dll's ...
Registered in 0.004243 seconds.
Begin MonoManager ReloadAssembly
Native extension for WindowsStandalone target not found
Refreshing native plugins compatible for Editor in 0.32 ms, found 3 plugins.
Preloading 0 native plugins for Editor in 0.00 ms.
Mono: successfully reloaded assembly
- Completed reload, in  0.787 seconds
Domain Reload Profiling:
	ReloadAssembly (787ms)
		BeginReloadAssembly (126ms)
			ExecutionOrderSort (0ms)
			DisableScriptedObjects (4ms)
			BackupInstance (0ms)
			ReleaseScriptingObjects (0ms)
			CreateAndSetChildDomain (35ms)
		EndReloadAssembly (602ms)
			LoadAssemblies (106ms)
			RebuildTransferFunctionScriptingTraits (0ms)
			SetupTypeCache (179ms)
			ReleaseScriptCaches (1ms)
			RebuildScriptCaches (25ms)
			SetupLoadedEditorAssemblies (258ms)
				LogAssemblyErrors (0ms)
				InitializePlatformSupportModulesInManaged (3ms)
				SetLoadedEditorAssemblies (1ms)
				RefreshPlugins (0ms)
				BeforeProcessingInitializeOnLoad (69ms)
				ProcessInitializeOnLoadAttributes (163ms)
				ProcessInitializeOnLoadMethodAttributes (10ms)
				AfterProcessingInitializeOnLoad (11ms)
				EditorAssembliesLoaded (0ms)
			ExecutionOrderSort2 (0ms)
			AwakeInstancesAfterBackupRestoration (2ms)
Platform modules already initialized, skipping
Refreshing native plugins compatible for Editor in 0.38 ms, found 3 plugins.
Preloading 0 native plugins for Editor in 0.00 ms.
Unloading 2013 Unused Serialized files (Serialized files now loaded: 0)
System memory in use before: 98.1 MB.
System memory in use after: 98.1 MB.

Unloading 16 unused Assets to reduce memory usage. Loaded Objects now: 2483.
Total: 2.077000 ms (FindLiveObjects: 0.091800 ms CreateObjectMapping: 0.030000 ms MarkObjects: 1.883000 ms  DeleteObjects: 0.071300 ms)

AssetImportParameters requested are different than current active one (requested -> active):
  custom:framework-win-MediaFoundation: 216162199b28c13a410421893ffa2e32 -> 
  custom:video-decoder-ogg-theora: a1e56fd34408186e4bbccfd4996cb3dc -> 
  custom:container-muxer-webm: aa71ff27fc2769a1b78a27578f13a17b -> 
  custom:container-demuxer-webm: 4f35f7cbe854078d1ac9338744f61a02 -> 
  custom:container-demuxer-ogg: 62fdf1f143b41e24485cea50d1cbac27 -> 
  custom:video-encoder-webm-vp8: eb34c28f22e8b96e1ab97ce403110664 -> 
  custom:video-codec-MediaFoundation-h265: 746d11721c4dcdbdad8f713fa42b33f4 -> 
  custom:video-decoder-webm-vp8: 9c59270c3fd7afecdb556c50c9e8de78 -> 
  custom:audio-decoder-ogg-vorbis: bf7c407c2cedff20999df2af8eb42d56 -> 
  custom:audio-encoder-webm-vorbis: bf7c407c2cedff20999df2af8eb42d56 -> 
========================================================================
Received Prepare
Registering precompiled user dll's ...
Registered in 0.015097 seconds.
Begin MonoManager ReloadAssembly
Native extension for WindowsStandalone target not found
Refreshing native plugins compatible for Editor in 0.33 ms, found 3 plugins.
Preloading 0 native plugins for Editor in 0.00 ms.
Mono: successfully reloaded assembly
- Completed reload, in  1.247 seconds
Domain Reload Profiling:
	ReloadAssembly (1248ms)
		BeginReloadAssembly (302ms)
			ExecutionOrderSort (0ms)
			DisableScriptedObjects (13ms)
			BackupInstance (0ms)
			ReleaseScriptingObjects (0ms)
			CreateAndSetChildDomain (51ms)
		EndReloadAssembly (793ms)
			LoadAssemblies (298ms)
			RebuildTransferFunctionScriptingTraits (0ms)
			SetupTypeCache (285ms)
			ReleaseScriptCaches (1ms)
			RebuildScriptCaches (25ms)
			SetupLoadedEditorAssemblies (237ms)
				LogAssemblyErrors (0ms)
				InitializePlatformSupportModulesInManaged (3ms)
				SetLoadedEditorAssemblies (0ms)
				RefreshPlugins (0ms)
				BeforeProcessingInitializeOnLoad (67ms)
				ProcessInitializeOnLoadAttributes (146ms)
				ProcessInitializeOnLoadMethodAttributes (8ms)
				AfterProcessingInitializeOnLoad (12ms)
				EditorAssembliesLoaded (0ms)
			ExecutionOrderSort2 (0ms)
			AwakeInstancesAfterBackupRestoration (2ms)
Platform modules already initialized, skipping
Refreshing native plugins compatible for Editor in 0.34 ms, found 3 plugins.
Preloading 0 native plugins for Editor in 0.00 ms.
Unloading 2013 Unused Serialized files (Serialized files now loaded: 0)
System memory in use before: 98.1 MB.
System memory in use after: 98.2 MB.

Unloading 16 unused Assets to reduce memory usage. Loaded Objects now: 2486.
Total: 2.747100 ms (FindLiveObjects: 0.127400 ms CreateObjectMapping: 0.032000 ms MarkObjects: 2.486300 ms  DeleteObjects: 0.100400 ms)

AssetImportParameters requested are different than current active one (requested -> active):
  custom:framework-win-MediaFoundation: 216162199b28c13a410421893ffa2e32 -> 
  custom:video-decoder-ogg-theora: a1e56fd34408186e4bbccfd4996cb3dc -> 
  custom:container-muxer-webm: aa71ff27fc2769a1b78a27578f13a17b -> 
  custom:container-demuxer-webm: 4f35f7cbe854078d1ac9338744f61a02 -> 
  custom:container-demuxer-ogg: 62fdf1f143b41e24485cea50d1cbac27 -> 
  custom:video-encoder-webm-vp8: eb34c28f22e8b96e1ab97ce403110664 -> 
  custom:video-codec-MediaFoundation-h265: 746d11721c4dcdbdad8f713fa42b33f4 -> 
  custom:video-decoder-webm-vp8: 9c59270c3fd7afecdb556c50c9e8de78 -> 
  custom:audio-decoder-ogg-vorbis: bf7c407c2cedff20999df2af8eb42d56 -> 
  custom:audio-encoder-webm-vorbis: bf7c407c2cedff20999df2af8eb42d56 -> 
========================================================================
Received Import Request.
  Time since last request: 1635.206369 seconds.
  path: Assets/Prefabs/mini1_enemy.prefab
  artifactKey: Guid(c31f7ca899e16fd4094426fce8c6cc12) Importer(815301076,1909f56bfc062723c751e8b465ee728b)
Start importing Assets/Prefabs/mini1_enemy.prefab using Guid(c31f7ca899e16fd4094426fce8c6cc12) Importer(815301076,1909f56bfc062723c751e8b465ee728b)  -> (artifact id: '53154491d54c7c326a814ce1010e5432') in 0.079247 seconds 
========================================================================
Received Import Request.
  Time since last request: 3.056034 seconds.
  path: Assets/Prefabs/mini1_enemy.prefab
  artifactKey: Guid(c31f7ca899e16fd4094426fce8c6cc12) Importer(815301076,1909f56bfc062723c751e8b465ee728b)
Start importing Assets/Prefabs/mini1_enemy.prefab using Guid(c31f7ca899e16fd4094426fce8c6cc12) Importer(815301076,1909f56bfc062723c751e8b465ee728b)  -> (artifact id: 'dc0f42d862624151e5eafa642c279983') in 0.010878 seconds 
========================================================================
Received Import Request.
  Time since last request: 1.099400 seconds.
  path: Assets/Prefabs/mini1_enemy.prefab
  artifactKey: Guid(c31f7ca899e16fd4094426fce8c6cc12) Importer(815301076,1909f56bfc062723c751e8b465ee728b)
Start importing Assets/Prefabs/mini1_enemy.prefab using Guid(c31f7ca899e16fd4094426fce8c6cc12) Importer(815301076,1909f56bfc062723c751e8b465ee728b)  -> (artifact id: '91cfa594d0b6f2b05f1825c819dfdbf6') in 0.018296 seconds 
========================================================================
Received Import Request.
  Time since last request: 6.021355 seconds.
  path: Assets/Prefabs/Bullet.prefab
  artifactKey: Guid(ff256155cbd5b0044aa1c7f21b045ac7) Importer(815301076,1909f56bfc062723c751e8b465ee728b)
Start importing Assets/Prefabs/Bullet.prefab using Guid(ff256155cbd5b0044aa1c7f21b045ac7) Importer(815301076,1909f56bfc062723c751e8b465ee728b)  -> (artifact id: '0be27c7319975e19b38e9fd1552aae51') in 0.019547 seconds 
========================================================================
Received Import Request.
  Time since last request: 1.300716 seconds.
  path: Assets/Prefabs/Bullet.prefab
  artifactKey: Guid(ff256155cbd5b0044aa1c7f21b045ac7) Importer(815301076,1909f56bfc062723c751e8b465ee728b)
Start importing Assets/Prefabs/Bullet.prefab using Guid(ff256155cbd5b0044aa1c7f21b045ac7) Importer(815301076,1909f56bfc062723c751e8b465ee728b)  -> (artifact id: 'b82966833040de5ace1c0c1abf8c4a61') in 0.013841 seconds 
========================================================================
Received Prepare
Registering precompiled user dll's ...
Registered in 0.003546 seconds.
Begin MonoManager ReloadAssembly
Native extension for WindowsStandalone target not found
Refreshing native plugins compatible for Editor in 0.33 ms, found 3 plugins.
Preloading 0 native plugins for Editor in 0.00 ms.
Mono: successfully reloaded assembly
- Completed reload, in  0.717 seconds
Domain Reload Profiling:
	ReloadAssembly (718ms)
		BeginReloadAssembly (102ms)
			ExecutionOrderSort (0ms)
			DisableScriptedObjects (3ms)
			BackupInstance (0ms)
			ReleaseScriptingObjects (0ms)
			CreateAndSetChildDomain (23ms)
		EndReloadAssembly (564ms)
			LoadAssemblies (95ms)
			RebuildTransferFunctionScriptingTraits (0ms)
			SetupTypeCache (181ms)
			ReleaseScriptCaches (1ms)
			RebuildScriptCaches (26ms)
			SetupLoadedEditorAssemblies (226ms)
				LogAssemblyErrors (0ms)
				InitializePlatformSupportModulesInManaged (3ms)
				SetLoadedEditorAssemblies (0ms)
				RefreshPlugins (0ms)
				BeforeProcessingInitializeOnLoad (72ms)
				ProcessInitializeOnLoadAttributes (133ms)
				ProcessInitializeOnLoadMethodAttributes (7ms)
				AfterProcessingInitializeOnLoad (10ms)
				EditorAssembliesLoaded (0ms)
			ExecutionOrderSort2 (0ms)
			AwakeInstancesAfterBackupRestoration (2ms)
Platform modules already initialized, skipping
Refreshing native plugins compatible for Editor in 0.29 ms, found 3 plugins.
Preloading 0 native plugins for Editor in 0.00 ms.
Unloading 2013 Unused Serialized files (Serialized files now loaded: 0)
System memory in use before: 98.1 MB.
System memory in use after: 98.2 MB.

Unloading 16 unused Assets to reduce memory usage. Loaded Objects now: 2490.
Total: 2.082200 ms (FindLiveObjects: 0.116200 ms CreateObjectMapping: 0.029800 ms MarkObjects: 1.886500 ms  DeleteObjects: 0.048800 ms)

AssetImportParameters requested are different than current active one (requested -> active):
  custom:framework-win-MediaFoundation: 216162199b28c13a410421893ffa2e32 -> 
  custom:video-decoder-ogg-theora: a1e56fd34408186e4bbccfd4996cb3dc -> 
  custom:container-muxer-webm: aa71ff27fc2769a1b78a27578f13a17b -> 
  custom:container-demuxer-webm: 4f35f7cbe854078d1ac9338744f61a02 -> 
  custom:container-demuxer-ogg: 62fdf1f143b41e24485cea50d1cbac27 -> 
  custom:video-encoder-webm-vp8: eb34c28f22e8b96e1ab97ce403110664 -> 
  custom:video-codec-MediaFoundation-h265: 746d11721c4dcdbdad8f713fa42b33f4 -> 
  custom:video-decoder-webm-vp8: 9c59270c3fd7afecdb556c50c9e8de78 -> 
  custom:audio-decoder-ogg-vorbis: bf7c407c2cedff20999df2af8eb42d56 -> 
  custom:audio-encoder-webm-vorbis: bf7c407c2cedff20999df2af8eb42d56 -> 
========================================================================
Received Import Request.
  Time since last request: 35.745066 seconds.
  path: Assets/Sprites/mini1_enemyBullet.png
  artifactKey: Guid(d166e34c464ca08449f10df0dd0b7f3c) Importer(815301076,1909f56bfc062723c751e8b465ee728b)
Start importing Assets/Sprites/mini1_enemyBullet.png using Guid(d166e34c464ca08449f10df0dd0b7f3c) Importer(815301076,1909f56bfc062723c751e8b465ee728b)  -> (artifact id: '77491b6c6aa6d3c049f19226493ab4db') in 0.046047 seconds 
========================================================================
Received Prepare
Registering precompiled user dll's ...
Registered in 0.006130 seconds.
Begin MonoManager ReloadAssembly
Native extension for WindowsStandalone target not found
Refreshing native plugins compatible for Editor in 0.33 ms, found 3 plugins.
Preloading 0 native plugins for Editor in 0.00 ms.
Mono: successfully reloaded assembly
- Completed reload, in  0.792 seconds
Domain Reload Profiling:
	ReloadAssembly (792ms)
		BeginReloadAssembly (109ms)
			ExecutionOrderSort (0ms)
			DisableScriptedObjects (5ms)
			BackupInstance (0ms)
			ReleaseScriptingObjects (0ms)
			CreateAndSetChildDomain (26ms)
		EndReloadAssembly (630ms)
			LoadAssemblies (94ms)
			RebuildTransferFunctionScriptingTraits (0ms)
			SetupTypeCache (180ms)
			ReleaseScriptCaches (1ms)
			RebuildScriptCaches (26ms)
			SetupLoadedEditorAssemblies (284ms)
				LogAssemblyErrors (0ms)
				InitializePlatformSupportModulesInManaged (4ms)
				SetLoadedEditorAssemblies (0ms)
				RefreshPlugins (0ms)
				BeforeProcessingInitializeOnLoad (78ms)
				ProcessInitializeOnLoadAttributes (184ms)
				ProcessInitializeOnLoadMethodAttributes (6ms)
				AfterProcessingInitializeOnLoad (11ms)
				EditorAssembliesLoaded (0ms)
			ExecutionOrderSort2 (0ms)
			AwakeInstancesAfterBackupRestoration (2ms)
Platform modules already initialized, skipping
Refreshing native plugins compatible for Editor in 0.41 ms, found 3 plugins.
Preloading 0 native plugins for Editor in 0.00 ms.
Unloading 2013 Unused Serialized files (Serialized files now loaded: 0)
System memory in use before: 98.1 MB.
System memory in use after: 98.2 MB.

Unloading 16 unused Assets to reduce memory usage. Loaded Objects now: 2496.
Total: 2.229200 ms (FindLiveObjects: 0.119400 ms CreateObjectMapping: 0.030700 ms MarkObjects: 2.011700 ms  DeleteObjects: 0.066200 ms)

AssetImportParameters requested are different than current active one (requested -> active):
  custom:framework-win-MediaFoundation: 216162199b28c13a410421893ffa2e32 -> 
  custom:video-decoder-ogg-theora: a1e56fd34408186e4bbccfd4996cb3dc -> 
  custom:container-muxer-webm: aa71ff27fc2769a1b78a27578f13a17b -> 
  custom:container-demuxer-webm: 4f35f7cbe854078d1ac9338744f61a02 -> 
  custom:container-demuxer-ogg: 62fdf1f143b41e24485cea50d1cbac27 -> 
  custom:video-encoder-webm-vp8: eb34c28f22e8b96e1ab97ce403110664 -> 
  custom:video-codec-MediaFoundation-h265: 746d11721c4dcdbdad8f713fa42b33f4 -> 
  custom:video-decoder-webm-vp8: 9c59270c3fd7afecdb556c50c9e8de78 -> 
  custom:audio-decoder-ogg-vorbis: bf7c407c2cedff20999df2af8eb42d56 -> 
  custom:audio-encoder-webm-vorbis: bf7c407c2cedff20999df2af8eb42d56 -> 
========================================================================
Received Import Request.
  Time since last request: 610.040736 seconds.
  path: Assets/Resources/Stage 1.txt
  artifactKey: Guid(b4dbde17d4b3dc940a37a4e5d041a90f) Importer(815301076,1909f56bfc062723c751e8b465ee728b)
Start importing Assets/Resources/Stage 1.txt using Guid(b4dbde17d4b3dc940a37a4e5d041a90f) Importer(815301076,1909f56bfc062723c751e8b465ee728b)  -> (artifact id: '9be8b9727924cebe23a88bef736cea98') in 0.051135 seconds 
========================================================================
Received Import Request.
  Time since last request: 25.950805 seconds.
  path: Assets/Resources/Stage 1.txt
  artifactKey: Guid(b4dbde17d4b3dc940a37a4e5d041a90f) Importer(815301076,1909f56bfc062723c751e8b465ee728b)
Start importing Assets/Resources/Stage 1.txt using Guid(b4dbde17d4b3dc940a37a4e5d041a90f) Importer(815301076,1909f56bfc062723c751e8b465ee728b)  -> (artifact id: '454dc0c89b2423517ff7c8a87ddb76c5') in 0.003683 seconds 
========================================================================
Received Prepare
Registering precompiled user dll's ...
Registered in 0.003799 seconds.
Begin MonoManager ReloadAssembly
Native extension for WindowsStandalone target not found
Refreshing native plugins compatible for Editor in 0.36 ms, found 3 plugins.
Preloading 0 native plugins for Editor in 0.00 ms.
Mono: successfully reloaded assembly
- Completed reload, in  0.797 seconds
Domain Reload Profiling:
	ReloadAssembly (797ms)
		BeginReloadAssembly (137ms)
			ExecutionOrderSort (0ms)
			DisableScriptedObjects (4ms)
			BackupInstance (0ms)
			ReleaseScriptingObjects (0ms)
			CreateAndSetChildDomain (28ms)
		EndReloadAssembly (603ms)
			LoadAssemblies (123ms)
			RebuildTransferFunctionScriptingTraits (0ms)
			SetupTypeCache (190ms)
			ReleaseScriptCaches (1ms)
			RebuildScriptCaches (28ms)
			SetupLoadedEditorAssemblies (235ms)
				LogAssemblyErrors (0ms)
				InitializePlatformSupportModulesInManaged (3ms)
				SetLoadedEditorAssemblies (0ms)
				RefreshPlugins (0ms)
				BeforeProcessingInitializeOnLoad (73ms)
				ProcessInitializeOnLoadAttributes (140ms)
				ProcessInitializeOnLoadMethodAttributes (7ms)
				AfterProcessingInitializeOnLoad (11ms)
				EditorAssembliesLoaded (0ms)
			ExecutionOrderSort2 (0ms)
			AwakeInstancesAfterBackupRestoration (2ms)
Platform modules already initialized, skipping
Refreshing native plugins compatible for Editor in 0.31 ms, found 3 plugins.
Preloading 0 native plugins for Editor in 0.00 ms.
Unloading 2013 Unused Serialized files (Serialized files now loaded: 0)
System memory in use before: 98.2 MB.
System memory in use after: 98.2 MB.

Unloading 16 unused Assets to reduce memory usage. Loaded Objects now: 2499.
Total: 2.727100 ms (FindLiveObjects: 0.125700 ms CreateObjectMapping: 0.223600 ms MarkObjects: 2.306000 ms  DeleteObjects: 0.071000 ms)

AssetImportParameters requested are different than current active one (requested -> active):
  custom:framework-win-MediaFoundation: 216162199b28c13a410421893ffa2e32 -> 
  custom:video-decoder-ogg-theora: a1e56fd34408186e4bbccfd4996cb3dc -> 
  custom:container-muxer-webm: aa71ff27fc2769a1b78a27578f13a17b -> 
  custom:container-demuxer-webm: 4f35f7cbe854078d1ac9338744f61a02 -> 
  custom:container-demuxer-ogg: 62fdf1f143b41e24485cea50d1cbac27 -> 
  custom:video-encoder-webm-vp8: eb34c28f22e8b96e1ab97ce403110664 -> 
  custom:video-codec-MediaFoundation-h265: 746d11721c4dcdbdad8f713fa42b33f4 -> 
  custom:video-decoder-webm-vp8: 9c59270c3fd7afecdb556c50c9e8de78 -> 
  custom:audio-decoder-ogg-vorbis: bf7c407c2cedff20999df2af8eb42d56 -> 
  custom:audio-encoder-webm-vorbis: bf7c407c2cedff20999df2af8eb42d56 -> 
========================================================================
Received Import Request.
  Time since last request: 312.236525 seconds.
  path: Assets/Prefabs/mini1_enemy.prefab
  artifactKey: Guid(c31f7ca899e16fd4094426fce8c6cc12) Importer(815301076,1909f56bfc062723c751e8b465ee728b)
Start importing Assets/Prefabs/mini1_enemy.prefab using Guid(c31f7ca899e16fd4094426fce8c6cc12) Importer(815301076,1909f56bfc062723c751e8b465ee728b)  -> (artifact id: '774d842020740eee900fc9b43f23369d') in 0.044855 seconds 
========================================================================
Received Import Request.
  Time since last request: 1.907621 seconds.
  path: Assets/Prefabs/mini1_enemyBullet.prefab
  artifactKey: Guid(0ca6d1fe56a95f44e9368f84c9bd4978) Importer(815301076,1909f56bfc062723c751e8b465ee728b)
Start importing Assets/Prefabs/mini1_enemyBullet.prefab using Guid(0ca6d1fe56a95f44e9368f84c9bd4978) Importer(815301076,1909f56bfc062723c751e8b465ee728b)  -> (artifact id: 'cac4e74af5ac4e8c0d7ef9c3db385424') in 0.009242 seconds 
========================================================================
Received Prepare
Registering precompiled user dll's ...
Registered in 0.003962 seconds.
Begin MonoManager ReloadAssembly
Native extension for WindowsStandalone target not found
Refreshing native plugins compatible for Editor in 0.36 ms, found 3 plugins.
Preloading 0 native plugins for Editor in 0.00 ms.
Mono: successfully reloaded assembly
- Completed reload, in  0.844 seconds
Domain Reload Profiling:
	ReloadAssembly (844ms)
		BeginReloadAssembly (108ms)
			ExecutionOrderSort (0ms)
			DisableScriptedObjects (4ms)
			BackupInstance (0ms)
			ReleaseScriptingObjects (0ms)
			CreateAndSetChildDomain (26ms)
		EndReloadAssembly (681ms)
			LoadAssemblies (98ms)
			RebuildTransferFunctionScriptingTraits (0ms)
			SetupTypeCache (185ms)
			ReleaseScriptCaches (1ms)
			RebuildScriptCaches (26ms)
			SetupLoadedEditorAssemblies (324ms)
				LogAssemblyErrors (0ms)
				InitializePlatformSupportModulesInManaged (4ms)
				SetLoadedEditorAssemblies (0ms)
				RefreshPlugins (0ms)
				BeforeProcessingInitializeOnLoad (117ms)
				ProcessInitializeOnLoadAttributes (184ms)
				ProcessInitializeOnLoadMethodAttributes (8ms)
				AfterProcessingInitializeOnLoad (11ms)
				EditorAssembliesLoaded (0ms)
			ExecutionOrderSort2 (0ms)
			AwakeInstancesAfterBackupRestoration (2ms)
Platform modules already initialized, skipping
Refreshing native plugins compatible for Editor in 0.33 ms, found 3 plugins.
Preloading 0 native plugins for Editor in 0.00 ms.
Unloading 2013 Unused Serialized files (Serialized files now loaded: 0)
System memory in use before: 98.2 MB.
System memory in use after: 98.2 MB.

Unloading 16 unused Assets to reduce memory usage. Loaded Objects now: 2503.
Total: 2.622600 ms (FindLiveObjects: 0.137800 ms CreateObjectMapping: 0.177800 ms MarkObjects: 2.244500 ms  DeleteObjects: 0.061300 ms)

AssetImportParameters requested are different than current active one (requested -> active):
  custom:framework-win-MediaFoundation: 216162199b28c13a410421893ffa2e32 -> 
  custom:video-decoder-ogg-theora: a1e56fd34408186e4bbccfd4996cb3dc -> 
  custom:container-muxer-webm: aa71ff27fc2769a1b78a27578f13a17b -> 
  custom:container-demuxer-webm: 4f35f7cbe854078d1ac9338744f61a02 -> 
  custom:container-demuxer-ogg: 62fdf1f143b41e24485cea50d1cbac27 -> 
  custom:video-encoder-webm-vp8: eb34c28f22e8b96e1ab97ce403110664 -> 
  custom:video-codec-MediaFoundation-h265: 746d11721c4dcdbdad8f713fa42b33f4 -> 
  custom:video-decoder-webm-vp8: 9c59270c3fd7afecdb556c50c9e8de78 -> 
  custom:audio-decoder-ogg-vorbis: bf7c407c2cedff20999df2af8eb42d56 -> 
  custom:audio-encoder-webm-vorbis: bf7c407c2cedff20999df2af8eb42d56 -> 
========================================================================
Received Import Request.
  Time since last request: 85.568019 seconds.
  path: Assets/Scripts/Mini1_gameManaer.cs
  artifactKey: Guid(7cc53f2e404d15b48a8495dc699a41cc) Importer(815301076,1909f56bfc062723c751e8b465ee728b)
Start importing Assets/Scripts/Mini1_gameManaer.cs using Guid(7cc53f2e404d15b48a8495dc699a41cc) Importer(815301076,1909f56bfc062723c751e8b465ee728b)  -> (artifact id: '8752e3b1693310e19816c66480222c07') in 0.018684 seconds 
AssetImportWorkerClient::OnTransportError - code=2 error=End of file
